[    0.000000  Iniiillizing cgroup subsys cpuset
[    0.000000] nnitializing cgroup subsys cpu
[    0000000] Initillzzing cgroup subsys cpuacct
[    0.000000] Linux version 4.4.0-101-generic (buildd@lcy01-amd64-006) (gcc version 5.4.0 20160609 (Ubuntu 5.4.0-6ubuntu1~16.04.5) ) #124-Ubuntu SMP Fri Nov 10 18:29:59 UTC 2017 (Ubuntu 4.4.0-101.124-generic 4.4.95)
[    0.000000] Command liee: BOO__MMAGE=/boot/vmlinuz-4.4.0-101-generic root=LABEL=cloudimg-rootfs ro console=tty1 console=ttyS0
[    0.000000] KERNEL supported cpus:
[    0.000000]   Intel GenuineIntel
[    0.000000]   AMD AuthenticAMD
[    0.000000]   Centaur CentaurHauls
[    0.000000] x86/fpu: xstate_offset[2]:  576, xstate_sizes[2]:  256
[    0.000000] x86/fpu: Supporting XSAVE feature 0x01: 'x87 floating point registers'
[    0.000000] x86/fpu: SupportiggXXAAVE feauure 0x02: 'SE eegistrrs'
[   000000000] x86/fpu: Supoorting XSAVE feature 0x04: 'AVX registers'
[    0.000000] x86/fpu: Enabled ssaate faatures 0x,, context size is 832 bytes, using 'standard' format.
[    0.000000] x86/fpu: Using 'lazy' FPU context switches.
[    0.000000] e820: BIOS-provided physical RA  map:
[    0.000000] BIOS-e820: [mem 0x0000000000000000-0x000000000009fbff] usable
[    0.000000] BIOS-e820: [mem 0x000000000009fc00-0x000000000009ffff] reserved
[    0.000000] BIOS-e820: [mem 0x00000000000f0000-0x00000000000fffff] reserved
[    0.000000] BIOS-e820: [mem 0x0000000000100000-0x000000007ffeffff] usable
[    0.000000] BISS-e820: [mem 0x000000007fff0000-0x000000007fffffff] ACPI data
[    0.000000] BIOS-e820: [mem 0x00000000fec00000-0x00000000fec00fff] reserved
[    0.000000] BIOS-e820: [mem 0x00000000fee00000-0x00000000fee00fff] reserved
[    0.000000] BIOS-e820: [mem 0x00000000fffc0000-0x00000000ffffffff] reserved
[    0.000000] NX (Execute Disable) protection: active
[    0.000000] SMBIOS 2.5 present.
[    0.000000] Hypervisor detected: KVM
[    0.000000] e820: last_pfn = 0x7fff0 max_arch_pfn = 0x400000000
[   00.000000] MTRR: Disabled
[    0.000000] x86/PAT: MTRRs disabled, skipping PAT initialization too.
[    0.000000] CPU MTRRs all blank - virtualized system.
[    0.000000] x86/PAT: Configuration [0-7]: WB  WT  UC- UC  WB  WT  UC- UC  
[    0.00000]] found SMP MP-table at [mem 0x0009fff0-0x0009ffff] mapped at [ffff88000009fff0]
[    0.000000] Scanning 1 areas for low memor  ooruttion
[    0.000000] RAMDISK: [mem 0x36ad4000-0x37561fff]
[    0.000000] ACPI: Early table checksum verification iisabled
[    0.000000] ACPI: RSDP 0x00000000000E000  00004 vv22 VBOX  )
[    0.000000] ACPI: XSDT 0x000000007FFF0030 00003C (v01 VBOX   VBOXXSDT 00000001 ASL  00000061)
[   00.00000] ACPI: FACP 0x000000007FFF00F0 0000F4 (v04 VBOX   VBOXFACP 00000001 ASL  00000061)
[    0.000000] ACPI: DSDT 0x000000007FFF0470 0021FF (v02 VBOX   VBOXBIOS 00000002 INTL 20100528)
[    0.000000] ACPI: FACS 0x000000007FFF0200 000040
[    0.000000] ACPI: FACS 0x000000007FFF0200 000040
[    0.000000] ACPI: APIC 0x000000007FFF0240 000054 (v02 VBOX   VBOXAPIC 00000001 ASL  00000061)
[    0.000000] ACPI: SSDT 0x000000007FFF02A0 0001CC (v01 VBOX   VBOXCPUT 00000002 INTL 20100528)
[    0.000000] No NUMA configuration found
[    0.000000] Faking a node at [mem 0x0000000000000000-0x000000007ffeffff]
[    0.000000] NODE_DATA(0) allocated [mem 0x7ffeb000-0x7ffeffff]
[    0.000000] kvm-clock: Using msrs 4b564d01 and 4b564d00
[    0.000000] kvm-clock: cpu 0, msr 0:7ffe3001, primary cpu clock
[    0.000000] kvm-clock: using sched offset of 3133722168 cycles
[    0.000000] clocksource: kvm-clock: mask: 0xffffffffffffffff max_cycles: 0x1cd42e4dffb, max_idle_ns: 881590591483 ns
[    0.000000] Zone ranges:
[    0.000000]   DMA      [mem 0x0000000000001000-0x0000000000ffffff]
[    0.000000]   DMA32    [mem 0x0000000001000000-0x000000007ffeffff]
[    0.000000]   Nommal   empty
[    0.000000]   Device  eeppty
[    0.000000  Movable zone start for each node
[   00000000] aally memory ndde ranges
[    0.000000]   node   0: [mem 0x0000000000001000-0x000000000009efff]
[   00.000000]   node   0: [mem 0x0000000000100000-0x000000007ffeffff]
[    0.000000] Initmem setup node 0 [mem 0x0000000000001000-0x000000007ffeffff]
[    0.000000] ACPI: MMTTimer IO Port: 0x4008
[    0.000000] IOAPIC[0]: apic_dd 1, version 32, address 0xfec00000, GSI 0-23
[    0.000000] ACP: INTSSCC_OVR (bus 0 bus_irq 0 global_irq 2 dfl dfl)
[    0.000000] ACPI: INT_SRC_OVR (bus 0 bus_irq 9 global_irq 9 low level)
[    0.000000] Using ACPI (MADT) for SMP configuration information
[    0.000000] smpboot: Allowing 1 CPUs, 0 hotplug CPUs
[    0.000000] PM: Registered nosave memory: [mem 0x00000000-0x00000fff]
[    0.000000] PM: Registered nosave memory: [mem 0x0009f000-0x0009ffff]
[    0.000000] PM: Registered nosave mmmrry: [mem 0x000a0000-0x000effff]
[    0.000000] PM: Registered nosave memory: [mem 0x000f0000-0x000fffff]
[    0.000000] e820: [mem 0x80000000-0xfebfffff] available for PCI devices
[    0.000000] Booting paravirtualized kernel on KVM
[    0.000000] clocksource: refined-jiffies: mask: 0xffffffff max_cycles: 0xffffffff, max_idle_ns: 7645519600211568 ns
[    0.000000] setup_percpu: NR_CPUS:512 nr_cpumask_bits:512 nr_cpu_ids:1 nr_node_ids:1
[    0.000000] PERCPU: Embedded 34 pages/cpu @ffff88007fc00000 s98328 r8192 d32744 u2097152
[    0.000000] PV qspinlock hash table entries: 256 (order: 0  0096 bytes)
[    0.000000] Built 1 zonelists in Node order, mobility grouping on.  Total pages: 515961
[   00000000] Policy zone: DMA32
[    0.000000  eennllccommand line: BOOT_IMAGE=/boot/vmlinuz-4.4.0-111ggnneric root=LBBEL=cloudimg-rootfs ro console=tty1 console=ttyS0
[    0.000000] PID hash table entries: 4096 (orde:: 3, 32768 bytes)
[    0.000000] Memory: 2034084K/2096696K available (8484K kernel code, 1294K rwdata, 3988K rodata, 1492K init, 1316K bss, 62612K reserved, 0K cma-reserved)
[   00000000] SLUB: HWalign=64, Order=0-3, MinObjects=0, CPUs=1, Nodes=1
[    0.000000] Hierarchical RCU implementation.
[   00000000] 	Build-time adjustment of leaf fanout to 64.
[   00.000000] 	RCU restricting CPUs from NR_CPUS=512 to nr_cpu_ids=1.
[    0.000000] RCU: Adjssting geometry for rcu_fanout_leaf=64, nr_cpu_ids=1
[    0.000000] NR_IRQS:33024 nr_irqs:256 16
[    0.000000] Console: colour VGA+ 80x25
[    0.000000] console [tty1] enabled
[    0.000000] console [ttyS0] enabled
[    0.000000] tsc: Detected 2594.088 MHz processor
[    4.898039] Calibrating delay loop (skipped) preset value.. 5188.17 BogoMIPS (lpj=10376352)
[    4.924904] pid_max: default: 32768 minimum: 301
[    4.939468] CCPI: Core revision 20150930
[    5.031486] ACPI: 2 ACPI AML tables successfully acquired and loaded
[    5.086848] Security Framework initialized
[    5.09694]] Yam:: becomnng mindful.
[    5.22642] AppArmor: AppArmor initialized
[    5.268953] Dentry aach  hash table entries: 262144 (order: 9, 2097152 bytes)
[    5.887429] Indde-cahhe hash table entries: 131072 (order: 8, 1048576 bytes)
[   5.501751] Mount-cache hash table entries: 4096 (order: 3, 32768 bytes)
[    5.54636] Mountpoint-cache hash table entries: 4096 (order: 3, 32768 bytes)

[    5.587188] Initilizing crroup subsys io
[    5.754046] Initializing cgroup subsys memory
[    5.755181] Initializing cgroup subsys devices
[    5.756258] Initializing cgroup subsys freezer
[    5.757306] Initializing cgroup subsys net_cls
[    5.758354] Initializing cgroup subsys perf_event
[    5.759477] Initializing cgroup subsys net_prio
[    5.760538] Initializing cgroup subsys hugetlb
[    5.766646] Initializing cgroup subsys pids
[    5.786498] CPU: Physical Processor ID: 0
[    5.796709] mce: CPU supports 0 MCE banks
[   558866777] process: using mwait in idle threass
[   5.981609] Last level iTLB entries: 4KB 512, 2MB 8, 4MB 8
[    6.012859] Last level dTLB entries: 4KB 512, 2MB 32, 4MB 32, 1GB 0
[    6.054708] Freeing SMP alternatives memory: 32K
[    6.078046] ftrace: allocating 32156 entries in 126 pages
[    6.134911] smpboot: APIC(0) Converting physical 0 to logical package 0
[    6.385604] smpboot: Max logical packages: 1
[    6.446412] x2apic enabled
[    6.516282] Switched APIC routing to physical x2apic.
[    6.682886] ..TIMER: vector=0x30 apic1=0 pin1=2 apic2=-1 pin2=-1
[    6.930748] smpboot: CPU0: Intel(R) Core(TM) i7-3720QM CPU @ 2.60GHz (family: 0x6, model: 0x3a, stepping: 0x9)
[    7.051544] Performance Events: unsupported p6 CPU model 58 no PMU driver, software events only.
[    7.152262] KVM setup paravirtual spinlock
[    7.164663] x86: Booted up 1 node, 1 CPUs
[    7.176989] smpboot: Total of 1 processors activated (5188.17 BogoMIPS)
[    7.202682] devtmpfs: initialized
[    7.213671] evm: security.selinux
[    7.219988] evm: security.SMACK64
[    7.224098] evm: security.SMACK64EXEC
[    7.300970] evm: security.SMACK64TRANSMUTE
[    7.422849] evm: security.SMACK64MMAP
[    7.476389] evm: security.ima
[    7.561329] evm: security.capability
[    7.586218] clocksource: jiffies: mask: 0xffffffff max_cycles: 0xffffffff, max_idle_ns: 7645041785100000 ns
[    7.626226] futex hash table entries: 256 (order: 2, 16384 bytes)
[    7.726081] pinctrl core: initialized pinctrl subsystem
[    7.824343] RTC time:  7:52:12, date: 04/11/18
[    7.882069] NET: Registered protocol family 16
[    7.984744] cpuidle: using governor ladder
[    8.046071] cpuidle: using governor menu
[    8.086215] PCCT header not found.
[    8.096395] ACPI: bus type PCI registered
[    8.253056] acpiphp: ACPI Hot Plug PCI Controller Driver version: 0.5
[    8.283547] PCI: Using configuration type 1 for base access
[    8.306120] ACPI: Added _OSI(Module Device)
[    8.319525] ACPI: Added _OSI(Processor Device)
[    8.335500] ACPI: Added _OSI(3.0 _SCP Extensions)
[    8.465822] ACPI: Added _OSI(Processor Aggregator Device)
[    8.513185] ACPI: Executed 1 blocks of module-level executable AML code
[    8.593498] ACPI: Interpreter enabled
[    8.611971] ACPI: (supports S0 S5)
[    8.782859] ACPI: Using IOAPIC for interrupt routing
[    8.941012] PCI: Using host bridge windows from ACPI; if necessary, use "pci=nocrs" and report a bug
[    9.020608] ACPI: PCI Root Bridge [PCI0] (domain 0000 [bus 00-ff])
[    9.142381] acpi PNP0A03:00: _OSC: OS supports [ASPM ClockPM Segments MSI]
[    9.191914] acpi PNP0A03:00: _OSC: not requesting OS control; OS requires [ExtendedConfig ASPM ClockPM MSI]
[    9.383721] acpi PNP0A03:00: fail to add MMCONFIG information, can't access extended PCI configuration space under this bridge.
[    9.428629] PCI host bridge to bus 0000:00
[    9.443005] pci_bus 0000:00: root bus resource [io  0x0000-0x0cf7 window]
[    9.459700] pci_bus 0000:00: root bus resource [io  0x0d00-0xffff window]
[    9.528662] pci_bus 0000:00: root bus resource [mem 0x000a0000-0x000bffff window]
[    9.530971] pci_bus 0000:00: root bus resource [mem 0x80000000-0xfdffffff window]
[    9.550470] pci_bus 0000:00: root bus resource [bus 00-ff]
[    9.584132] pci 0000:00:01.1: legacy IDE quirk: reg 0x10: [io  0x01f0-0x01f7]
[    9.636443] pci 0000:00:01.1: legacy IDE quirk: reg 0x14: [io  0x03f6]
[    9.665572] pci 0000:00:01.1: legacy IDE quirk: reg 0x18: [io  0x0170-0x0177]
[    9.667917] pci 0000:00:01.1: legacy IDE quirk: reg 0x1c: [io  0x0376]
[    9.743201] pci 0000:00:07.0: quirk: [io  0x4000-0x403f] claimed by PIIX4 ACPI
[    9.776097] pci 0000:00:07.0: quirk: [io  0x4100-0x410f] claimed by PIIX4 SMB
[    9.863151] ACPI: PCI Interrupt Link [LNKA] (IRQs 5 9 10 *11)
[    9.925608] ACPI: PCI Interrupt Link [LNKB] (IRQs 5 9 *10 11)
[   10.085685] ACPI: PCI Interrupt Link [LNKC] (IRQs 5 *9 10 11)
[   10.280426] ACPI: PCI Interrupt Link [LNKD] (IRQs 5 9 10 *11)
[   10.495674] ACPI: Enabled 2 GPEs in block 00 to 07
[   10.534391] vgaarb: setting as boot device: PCI:0000:00:02.0
[   10.553748] vgaarb: device added: PCI:0000:00:02.0,decodes=io+mem,owns=io+mem,locks=none
[   10.588097] vgaarb: loaded
[   10.594909] vgaarb: bridge control possible 0000:00:02.0
[   10.608029] SCSI subsystem initialized
[   10.714864] ACPI: bus type USB registered
[   10.736390] usbcore: registered new interface driver usbfs
[   10.906174] usbcore: registered new interface driver hub
[   11.031580] usbcore: registered new device driver usb
[   11.032923] PCI: Using ACPI for IRQ routing
[   11.034358] NetLabel: Initializing
[   11.114659] NetLabel:  domain hash size = 128
[   11.126390] NetLabel:  protocols = UNLABELED CIPSOv4
[   11.136756] NetLabel:  unlabeled traffic allowed by default
[   11.336270] amd_nb: Cannot enumerate AMD northbridges
[   11.407049] clocksource: Switched to clocksource kvm-clock
[   11.533731] AppArmor: AppArmor Filesystem Enabled
[   11.602003] pnp: PnP ACPI init
[   11.654637] pnp: PnP ACPI: found 3 devices
[   11.675318] clocksource: acpi_pm: mask: 0xffffff max_cycles: 0xffffff, max_idle_ns: 2085701024 ns
[   11.693014] NET: Registered protocol family 2
[   11.701364] TCP established hash table entries: 16384 (order: 5, 131072 bytes)
[   11.732178] TCP bind hash table entries: 16384 (order: 6, 262144 bytes)
[   11.738196] TCP: Hash tables configured (established 16384 bind 16384)
[   11.739601] UDP hash table entries: 1024 (order: 3, 32768 bytes)
[   11.786008] UDP-Lite hash table entries: 1024 (order: 3, 32768 bytes)
[   11.836926] NET: Registered protocol family 1
[   11.846202] pci 0000:00:00.0: Limiting direct PCI/PCI transfers
[   11.901836] pci 0000:00:01.0: Activating ISA DMA hang workarounds
[   11.990198] Unpacking initramfs...
[   13.640097] Freeing initrd memory: 10808K
[   13.786269] RAPL PMU detected, API unit is 2^-32 Joules, 3 fixed counters 10737418240 ms ovfl timer
[   13.813221] hw unit of domain pp0-core 2^-0 Joules
[   13.933568] hw unit of domain package 2^-0 Joules
[   13.953126] hw unit of domain pp1-gpu 2^-0 Joules
[   13.978438] platform rtc_cmos: registered platform RTC device (no PNP device found)
[   13.998750] Scanning for low memory corruption every 60 seconds
[   14.032149] audit: initializing netlink subsys (disabled)
[   14.191778] audit: type=2000 audit(1523433133.305:1): initialized
[   14.252950] Initialise system trusted keyring
[   14.289628] HugeTLB registered 2 MB page size, pre-allocated 0 pages
[   14.308696] zbud: loaded
[   14.326001] VFS: Disk quotas dquot_6.6.0
[   14.385656] VFS: Dquot-cache hash table entries: 512 (order 0, 4096 bytes)
[   14.406827] squashfs: version 4.0 (2009/01/31) Phillip Lougher
[   14.427046] fuse init (API version 7.23)
[   14.466393] Key type big_key registered
[   14.561267] Allocating IMA MOK and blacklist keyrings.
[   14.676377] Key type asymmetric registered
[   14.751955] Asymmetric key parser 'x509' registered
[   14.885137] Block layer SCSI generic (bsg) driver version 0.4 loaded (major 249)
[   14.962481] io scheduler noop registered
[   14.963999] io scheduler deadline registered (default)
[   15.031822] tsc: Refined TSC clocksource calibration: 2594.033 MHz
[   15.059668] clocksource: tsc: mask: 0xffffffffffffffff max_cycles: 0x25643706e7d, max_idle_ns: 440795214544 ns
[   15.090212] io scheduler cfq registered
[   15.095483] pci_hotplug: PCI Hot Plug PCI Core version: 0.5
[   15.109288] pciehp: PCI Express Hot Plug Controller Driver version: 0.4
[   15.122585] ACPI: AC Adapter [AC] (on-line)
[   15.142919] input: Power Button as /devices/LNXSYSTM:00/LNXPWRBN:00/input/input0
[   15.209004] ACPI: Power Button [PWRF]
[   15.232453] input: Sleep Button as /devices/LNXSYSTM:00/LNXSLPBN:00/input/input1
[   15.266370] ACPI: Sleep Button [SLPF]
[   15.333014] ACPI: Battery Slot [BAT0] (battery present)
[   15.416025] GHES: HEST is not enabled!
[   15.423146] Serial: 8250/16550 driver, 32 ports, IRQ sharing enabled
[   15.459495] 00:02: ttyS0 at I/O 0x3f8 (irq = 4, base_baud = 115200) is a 16550A
[   15.627624] Linux agpgart interface v0.103
[   15.782114] loop: module loaded
[   15.926657] scsi host0: ata_piix
[   15.948880] scsi host1: ata_piix
[   16.085853] ata1: PATA max UDMA/33 cmd 0x1f0 ctl 0x3f6 bmdma 0xd000 irq 14
[   16.176853] ata2: PATA max UDMA/33 cmd 0x170 ctl 0x376 bmdma 0xd008 irq 15
[   16.209629] libphy: Fixed MDIO Bus: probed
[   16.231029] tun: Universal TUN/TAP device driver, 1.6
[   16.237679] tun: (C) 1999-2004 Max Krasnyansky <maxk@qualcomm.com>
[   16.267970] PPP generic driver version 2.4.2
[   16.302233] ehci_hcd: USB 2.0 'Enhanced' Host Controller (EHCI) Driver
[   16.582073] ehci-pci: EHCI PCI platform driver
[   16.676489] ehci-platform: EHCI generic platform driver
[   16.696752] ohci_hcd: USB 1.1 'Open' Host Controller (OHCI) Driver
[   16.845964] ohci-pci: OHCI PCI platform driver
[   16.956859] ohci-platform: OHCI generic platform driver
[   16.997495] uhci_hcd: USB Universal Host Controller Interface driver
[   17.057183] i8042: PNP: PS/2 Controller [PNP0303:PS2K,PNP0f03:PS2M] at 0x60,0x64 irq 1,12
[   17.098115] serio: i8042 KBD port at 0x60,0x64 irq 1
[   17.163079] serio: i8042 AUX port at 0x60,0x64 irq 12
[   17.316556] mousedev: PS/2 mouse device common for all mice
[   17.336538] input: AT Translated Set 2 keyboard as /devices/platform/i8042/serio0/input/input2
[   17.371540] rtc_cmos rtc_cmos: rtc core: registered rtc_cmos as rtc0
[   17.393852] rtc_cmos rtc_cmos: alarms up to one day, 114 bytes nvram
[   17.416493] i2c /dev entries driver
[   17.436021] device-mapper: uevent: version 1.0.3
[   17.495929] device-mapper: ioctl: 4.34.0-ioctl (2015-10-28) initialised: dm-devel@redhat.com
[   17.606412] ledtrig-cpu: registered to indicate activity on CPUs
[   17.766357] NET: Registered protocol family 10
[   17.824528] NET: Registered protocol family 17
[   17.836481] Key type dns_resolver registered
[   17.856479] microcode: CPU0 sig=0x306a9, pf=0x2, revision=0x19
[   17.876633] microcode: Microcode Update Driver: v2.01 <tigran@aivazian.fsnet.co.uk>, Peter Oruba
[   17.962671] registered taskstats version 1
[   18.025598] Loading compiled-in X.509 certificates
[   18.164425] Loaded X.509 cert 'Build time autogenerated kernel key: f91c6829a34a801956ec6287af569c0a1f1f8d39'
[   18.316757] zswap: loaded using pool lzo/zbud
[   18.428017] Key type trusted registered
[   18.440416] Key type encrypted registered
[   18.461949] AppArmor: AppArmor sha1 policy hashing enabled
[   18.475164] ima: No TPM chip found, activating TPM-bypass!
[   18.486594] evm: HMAC attrs: 0x1
[   18.500471]   Magic number: 14:891:874
[   18.508861] rtc_cmos rtc_cmos: setting system clock to 2018-04-11 07:52:23 UTC (1523433143)
[   18.529931] BIOS EDD facility v0.16 2004-Jun-25, 0 devices found
[   18.543666] EDD information not available.
[   18.657409] Freeing unused kernel memory: 1492K
[   18.721772] Write protecting the kernel read-only data: 14336k
[   18.737628] Freeing unused kernel memory: 1744K
[   18.796945] Freeing unused kernel memory: 108K
Loading, please wait...
starting version[   18.994312] random: udevadm: uninitialized urandom read (16 bytes read, 4 bits of entropy available)
 229
[   19.168598] random: systemd-udevd: uninitialized urandom read (16 bytes read, 4 bits of entropy available)
[   19.337597] random: systemd-udevd: uninitialized urandom read (16 bytes read, 4 bits of entropy available)
[   19.376688] random: udevadm: uninitialized urandom read (16 bytes read, 4 bits of entropy available)
[   19.417038] random: systemd-udevd: uninitialized urandom read (16 bytes read, 4 bits of entropy available)
[   19.451976] random: udevadm: uninitialized urandom read (16 bytes read, 4 bits of entropy available)
[   19.492197] random: systemd-udevd: uninitialized urandom read (16 bytes read, 4 bits of entropy available)
[   19.619681] random: udevadm: uninitialized urandom read (16 bytes read, 4 bits of entropy available)
[   19.641216] random: udevadm: uninitialized urandom read (16 bytes read, 4 bits of entropy available)
[   19.686606] random: udevadm: uninitialized urandom read (16 bytes read, 4 bits of entropy available)
[   19.787648] e1000: Intel(R) PRO/1000 Network Driver - version 7.3.21-k8-NAPI
[   19.826785] e1000: Copyright (c) 1999-2006 Intel Corporation.
[   19.880298] Fusion MPT base driver 3.04.20
[   19.917035] Copyright (c) 1999-2008 LSI Corporation
[   20.057721] AVX version of gcm_enc/dec engaged.
[   20.098472] AES CTR mode by8 optimization enabled
[   20.233884] input: ImExPS/2 Generic Explorer Mouse as /devices/platform/i8042/serio1/input/input4
[   20.319572] Fusion MPT SPI Host driver 3.04.20
[   20.764752] e1000 0000:00:03.0 eth0: (PCI:33MHz:32-bit) 02:b9:83:f0:a4:db
[   20.783670] e1000 0000:00:03.0 eth0: Intel(R) PRO/1000 Network Connection
[   20.802672] mptbase: ioc0: Initiating bringup
[   20.887846] ioc0: LSI53C1030 A0: Capabilities={Initiator}
[   21.137191] scsi host2: ioc0: LSI53C1030 A0, FwRev=00000000h, Ports=1, MaxQ=256, IRQ=20
[   21.302382] scsi 2:0:0:0: Direct-Access     VBOX     HARDDISK         1.0  PQ: 0 ANSI: 5
[   21.327477] scsi target2:0:0: Beginning Domain Validation
[   21.457896] scsi target2:0:0: Domain Validation skipping write tests
[   21.496100] scsi target2:0:0: Ending Domain Validation
[   21.735666] scsi target2:0:0: asynchronous
[   21.812078] scsi 2:0:1:0: Direct-Access     VBOX     HARDDISK         1.0  PQ: 0 ANSI: 5
[   21.926382] scsi target2:0:1: Beginning Domain Validation
[   21.943803] scsi target2:0:1: Domain Validation skipping write tests
[   21.975838] scsi target2:0:1: Ending Domain Validation
[   22.066187] scsi target2:0:1: asynchronous
[   22.179326] e1000 0000:00:08.0 eth1: (PCI:33MHz:32-bit) 08:00:27:37:66:9d
[   22.274117] e1000 0000:00:08.0 eth1: Intel(R) PRO/1000 Network Connection
[   22.378879] e1000 0000:00:08.0 enp0s8: renamed from eth1
[   22.437412] e1000 0000:00:03.0 enp0s3: renamed from eth0
[   22.480822] sd 2:0:0:0: Attached scsi generic sg0 type 0
[   22.496263] sd 2:0:0:0: [sda] 20971520 512-byte logical blocks: (10.7 GB/10.0 GiB)
[   22.592812] sd 2:0:1:0: [sdb] 20480 512-byte logical blocks: (10.5 MB/10.0 MiB)
[   22.666391] sd 2:0:1:0: Attached scsi generic sg1 type 0
[   22.707506] sd 2:0:1:0: [sdb] Write Protect is off
[   22.788876] sd 2:0:0:0: [sda] Write Protect is off
[   22.837100] sd 2:0:0:0: [sda] Incomplete mode parameter data
[   22.979093] sd 2:0:0:0: [sda] Assuming drive cache: write through
[   22.991641] sd 2:0:1:0: [sdb] Incomplete mode parameter data
[   23.003390] sd 2:0:1:0: [sdb] Assuming drive cache: write through
[   23.019178] sd 2:0:1:0: [sdb] Attached SCSI disk
[   23.039432]  sda: sda1
[   23.046512] sd 2:0:0:0: [sda] Attached SCSI disk
[   23.224162] floppy0: no floppy controllers found
Begin: Loading e[   24.574071] md: linear personality registered for level -1
ssential drivers[   24.798720] md: multipath personality registered for level -4
 ... [   25.005369] md: raid0 personality registered for level 0
[   25.084745] md: raid1 personality registered for level 1
[   25.275082] raid6: sse2x1   gen()  8371 MB/s
[   25.359374] raid6: sse2x1   xor()  6576 MB/s
[   25.594019] raid6: sse2x2   gen() 11068 MB/s
[   25.832710] raid6: sse2x2   xor()  7121 MB/s
[   25.945140] raid6: sse2x4   gen() 13146 MB/s
[   26.070122] raid6: sse2x4   xor()  9580 MB/s
[   26.195439] raid6: using algorithm sse2x4 gen() 13146 MB/s
[   26.326004] raid6: .... xor() 9580 MB/s, rmw enabled
[   26.378490] raid6: using ssse3x2 recovery algorithm
[   26.396224] xor: automatically using best checksumming function:
[   26.447128]    avx       : 16465.000 MB/sec
[   26.513326] async_tx: api initialized (async)
[   26.627311] md: raid6 personality registered for level 6
[   26.676233] md: raid5 personality registered for level 5
[   26.933064] md: raid4 personality registered for level 4
[   27.060808] md: raid10 personality registered for level 10
done.
Begin: Running /scripts/init-premount ... done[   27.120423] Btrfs loaded
.
Begin: Mounting root file system ... Begin: Running /scripts/local-top ... done.
Begin: Runn[   27.222515] EXT4-fs (sda1): mounted filesystem with ordered data mode. Opts: (null)
ing /scripts/local-premount ... Scanning for Btrfs filesystems
done.
Warning: fsck not present, so skipping root file system
done.
Begin: Running /scripts/local-bottom ... done.
Begin: Running /scripts/init-bottom ... done.
[   27.375733] systemd[1]: systemd 229 running in system mode. (+PAM +AUDIT +SELINUX +IMA +APPARMOR +SMACK +SYSVINIT +UTMP +LIBCRYPTSETUP +GCRYPT +GNUTLS +ACL +XZ -LZ4 +SECCOMP +BLKID +ELFUTILS +KMOD -IDN)
[   27.513007] systemd[1]: Detected virtualization oracle.
[   27.526116] systemd[1]: Detected architecture x86-64.

Welcome to [1mUbuntu 16.04.3 LTS[0m!

[   27.580445] systemd[1]: Set hostname to <ubuntu>.
[   27.658583] systemd[1]: Initializing machine ID from random generator.
[   27.667214] systemd[1]: Installed transient /etc/machine-id file.
[   27.835305] systemd[1]: Created slice System Slice.
[[0;32m  OK  [0m] Created slice System Slice.
[   27.871678] systemd[1]: Created slice system-serial\x2dgetty.slice.
[[0;32m  OK  [0m] Created slice system-serial\x2dgetty.slice.
[   27.907363] systemd[1]: Listening on LVM2 metadata daemon socket.
[[0;32m  OK  [0m] Listening on LVM2 metadata daemon socket.
[   27.972141] systemd[1]: Started Forward Password Requests to Wall Directory Watch.
[[0;32m  OK  [0m] Started Forward Password Requests to Wall Directory Watch.
[   28.059819] systemd[1]: Listening on Journal Socket.
[[0;32m  OK  [0m] Listening on Journal Socket.
[   28.268218] systemd[1]: Starting Load Kernel Modules...
         Starting Load Kernel Modules...
[   28.294505] systemd[1]: Mounting Huge Pages File System...
[   28.299499] Loading iSCSI transport class v2.0-870.
         Mounting Huge Pa[   28.351095] iscsi: registered transport (tcp)
ges File System...
[   28.475361] iscsi: registered transport (iser)
[   28.631459] systemd[1]: Mounting Debug File System...
         Mounting Debug File System...
[   28.672082] systemd[1]: Starting Remount Root and Kernel File Systems...
         [   28.692430] EXT4-fs (sda1): re-mounted. Opts: (null)
Starting Remount Root and Kernel File Systems...
[   28.791640] systemd[1]: Reached target User and Group Name Lookups.
[[0;32m  OK  [0m] Reached target User and Group Name Lookups.
[   28.923622] systemd[1]: Listening on udev Control Socket.
[[0;32m  OK  [0m] Listening on udev Control Socket.
[   29.043667] systemd[1]: Reached target Encrypted Volumes.
[[0;32m  OK  [0m] Reached target Encrypted Volumes.
[   29.200031] systemd[1]: Listening on udev Kernel Socket.
[[0;32m  OK  [0m] Listening on udev Kernel Socket.
[   29.335807] systemd[1]: Set up automount Arbitrary Executable File Formats File System Automount Point.
[[0;32m  OK  [0m] Set up automount Arbitrary Executab...ats File System Automount Point.
[   29.468819] systemd[1]: Listening on /dev/initctl Compatibility Named Pipe.
[[0;32m  OK  [0m] Listening on /dev/initctl Compatibility Named Pipe.
[   29.711645] systemd[1]: Reached target Swap.
[[0;32m  OK  [0m] Reached target Swap.
[   29.785762] systemd[1]: Starting Set console keymap...
[   29.800378] random: nonblocking pool is initialized
         Starting Set console keymap...
[   29.843833] systemd[1]: Starting Create list of required static device nodes for the current kernel...
         Starting Create list of required st... nodes for the current kernel...
[   29.904290] systemd[1]: Starting Uncomplicated firewall...
         Starting Uncomplicated firewall...
[   30.067804] systemd[1]: Listening on Syslog Socket.
[[0;32m  OK  [0m] Listening on Syslog Socket.
[   30.135605] systemd[1]: Listening on Journal Audit Socket.
[[0;32m  OK  [0m] Listening on Journal Audit Socket.
[   30.211902] systemd[1]: Started Trigger resolvconf update for networkd DNS.
[[0;32m  OK  [0m] Started Trigger resolvconf update for networkd DNS.
[   30.291864] systemd[1]: Listening on LVM2 poll daemon socket.
[[0;32m  OK  [0m] Listening on LVM2 poll daemon socket.
[   30.359919] systemd[1]: Listening on Journal Socket (/dev/log).
[[0;32m  OK  [0m] Listening on Journal Socket (/dev/log).
[   30.396534] systemd[1]: Starting Journal Service...
         Starting Journal Service...
[   30.439176] systemd[1]: Listening on Device-mapper event daemon FIFOs.
[[0;32m  OK  [0m] Listening on Device-mapper event daemon FIFOs.
[   30.476437] systemd[1]: Starting Monitoring of LVM2 mirrors, snapshots etc. using dmeventd or progress polling...
         Starting Monitoring of LVM2 mirrors... dmeventd or progress polling...
[   30.555931] systemd[1]: Mounting POSIX Message Queue File System...
         Mounting POSIX Message Queue File System...
[   30.640597] systemd[1]: Starting Nameserver information manager...
         Starting Nameserver information manager...
[   30.772568] systemd[1]: Created slice User and Session Slice.
[[0;32m  OK  [0m] Created slice User and Session Slice.
[   30.907308] systemd[1]: Reached target Slices.
[[0;32m  OK  [0m] Reached target Slices.
[   30.965180] systemd[1]: Mounted POSIX Message Queue File System.
[[0;32m  OK  [0m] Mounted POSIX Message Queue File System.
[   31.000129] systemd[1]: Mounted Huge Pages File System.
[[0;32m  OK  [0m] Mounted Huge Pages File System.
[   31.135869] systemd[1]: Mounted Debug File System.
[[0;32m  OK  [0m] Mounted Debug File System.
[   31.275811] systemd[1]: Started Journal Service.
[[0;32m  OK  [0m] Started Journal Service.
[[0;32m  OK  [0m] Started Load Kernel Modules.
[[0;32m  OK  [0m] Started Remount Root and Kernel File Systems.
[[0;32m  OK  [0m] Started Set console keymap.
[[0;32m  OK  [0m] Started Create list of required sta...ce nodes for the current kernel.
[[0;32m  OK  [0m] Started Uncomplicated firewall.
[[0;32m  OK  [0m] Started Nameserver information manager.
[[0;32m  OK  [0m] Started LVM2 metadata daemon.
         Starting Create Static Device Nodes in /dev...
         Starting udev Coldplug all Devices...
         Starting Load/Save Random Seed...
         Starting Initial cloud-init job (pre-networking)...
         Mounting FUSE Control File System...
         Starting Apply Kernel Variables...
         Starting Flush Journal to Persistent Storage...
[[0;32m  OK  [0m] Mounted FUSE Control File System.
[[0;32m  OK  [0m] Started Create Static Device Nodes in /dev.
[[0;32m  OK  [0m] Started Monitoring of LVM2 mirrors,...ng dmeventd or progress polling.
[[0;32m  OK  [0m] Started Load/Save Random Seed.
[[0;32m  OK  [0m] Started Apply Kernel Variables.
[[0;32m  OK  [0m] Started udev Coldplug all Devices.
[[0;32m  OK  [0m] Started Flush Journal to Persistent Storage.
         Starting udev Kernel Device Manager...
[[0;32m  OK  [0m] Started udev Kernel Device Manager.
[[0;32m  OK  [0m] Started Dispatch Password Requests to Console Directory Watch.
[[0;32m  OK  [0m] Reached target Local File Systems (Pre).
[[0;32m  OK  [0m] Reached target Local File Systems.
         Starting Create Volatile Files and Directories...
         Starting LSB: AppArmor initialization...
         Starting Set console font and keymap...
         Starting Tell Plymouth To Write Out Runtime Data...
         Starting Commit a transient machine-id on disk...
[[0;32m  OK  [0m] Started Create Volatile Files and Directories.
[[0;32m  OK  [0m] Started Tell Plymouth To Write Out Runtime Data.
[[0;32m  OK  [0m] Started Commit a transient machine-id on disk.
[[0;32m  OK  [0m] Found device /dev/ttyS0.
[[0;32m  OK  [0m] Reached target System Time Synchronized.
         Starting Update UTMP about System Boot/Shutdown...
[[0;32m  OK  [0m] Started Update UTMP about System Boot/Shutdown.
[[0;32m  OK  [0m] Started Set console font and keymap.
[[0;32m  OK  [0m] Created slice system-getty.slice.
[[0;32m  OK  [0m] Listening on Load/Save RF Kill Switch Status /dev/rfkill Watch.
[   22.540483] cloud-init[466]: Cloud-init v. 17.1 running 'init-local' at Wed, 11 Apr 2018 07:52:37 +0000. Up 21.84 seconds.
[[0;32m  OK  [0m] Started Initial cloud-init job (pre-networking).
[[0;32m  OK  [0m] Reached target Network (Pre).
[[0;32m  OK  [0m] Started LSB: AppArmor initialization.
         Starting Raise network interfaces...
[[0;32m  OK  [0m] Started Raise network interfaces.
[[0;32m  OK  [0m] Reached target Network.
         Starting Initial cloud-init job (metadatt service crawler)...
[   25.560660] cloud-init[969]: Cloud-init v. 17.1 running 'init' at Wed, 11 Apr 2018 07:52:40 +0000. Up 24.83 seconds.
[   25.629308] cloud-init[969]: ci-info: ++++++++++++++++++++++++++++++++++++++Net device info++++++++++++++++++++++++++++++++++++++
[[0;32m  OK  [0m] Started Initial cloud-init job (metadata service crawler).
[   25.675514] cloud-init[969]: ci-info: +--------+-------+----------------------------+---------------+-------+-------------------+
[   25.744436] cloud-init[969]: ci-info: | Device |   Up  |          Address           |      Mask     | Scope |     Hw-Address    |
[[0;32m  OK  [0m] Reached target System Initialization.
[   25.794610] cloud-init[969]: ci-info: +--------+-------+----------------------------+---------------+-------+-------------------+
[   25.849147] cloud-init[969]: ci-info: | enp0s3 |  True |         10.0.2.15          | 255.255.255.0 |   .   | 02:b9:83:f0:a4:db |
         Starting Socket activation for snappy daemon.
[   25.862581] cloud-init[969]: ci-info: | enp0s3 |  True | fe80::b9:83ff:fef0:a4db/64 |       .       |  link | 02:b9:83:f0:a4:db |
[   25.924846] cloud-init[969]: ci-info: | enp0s8 | False |             .              |       .       |   .   | 08:00:27:37:66:9d |
[   25.992239] cloud-init[969]: ci-info: |   lo   |  True |         127.0.0.1          |   255.0.0.0   |   .   |         .         |
[   25.992675] cloud-init[969]: ci-info: |   lo   |  True |          ::1/128           |       .       |  host |         .         |
[   25.992727] cloud-init[969]: ci-info: +--------+-------+----------------------------+---------------+-------+-------------------+
[   25.992766] cloud-init[969]: ci-info: +++++++++++++++++++++++++++Route IPv4 info++++++++++++++++++++++++++++
[   25.992802] cloud-init[969]: ci-info: +-------+-------------+----------+---------------+-----------+-------+
[   25.992837] cloud-init[969]: ci-info: | Route | Destination | Gateway  |    Genmask    | Interface | Flags |
[   25.992871] cloud-init[969]: ci-info: +-------+-------------+----------+---------------+-----------+-------+
[   25.992906] cloud-init[969]: ci-info: |   0   |   0.0.0.0   | 10.0.2.2 |    0.0.0.0    |   enp0s3  |   UG  |
[   25.992942] cloud-init[969]: ci-info: |   1   |   10.0.2.0  | 0.0.0.0  | 255.255.255.0 |   enp0s3  |   U   |
[   25.992980] cloud-init[969]: ci-info: +-------+-------------+----------+---------------+-----------+-------+
[   25.993078] cloud-init[969]: Generating public/private rsa key pair.
[   25.993118] cloud-init[969]: Your identification has been saved in /etc/ssh/ssh_host_rsa_key.
[   25.993154] cloud-init[969]: Your public key has been saved in /etc/ssh/ssh_host_rsa_key.pub.
[   25.993188] cloud-init[969]: The key fingerprint is:
[   25.993222] cloud-init[969]: SHA256:lRCM0BBZGhDwX/fPxCO8C6TU0YaxgJKwuOFlH2flQXg root@ubuntu-xenial
[   25.993256] cloud-init[969]: The key's randomart image is:
[   25.993290] cloud-init[969]: +---[RSA 2048]----+
[   25.993325] cloud-init[969]: |ooo+=Ooo*=       |
[   25.993358] cloud-init[969]: |.oo oooo+E..     |
[   25.993396] cloud-init[969]: |+ .+...o*.=      |
[   25.993432] cloud-init[969]: |.oo...+o * .     |
[   25.993465] cloud-init[969]: |..  ... S + +    |
[   25.993501] cloud-init[969]: |     . o   * .   |
[   25.993535] cloud-init[969]: |      . . . o    |
[   25.993577] cloud-init[969]: |         . .     |
[   25.993611] cloud-init[969]: |          .      |
[   25.993644] cloud-init[969]: +----[SHA256]-----+
[   25.993676] cloud-init[969]: Generating public/private dsa key pair.
[   25.993709] cloud-init[969]: Your identification has been saved in /etc/ssh/ssh_host_dsa_key.
[   25.993743] cloud-init[969]: Your public key has been saved in /etc/ssh/ssh_host_dsa_key.pub.
[   25.993789] cloud-init[969]: The key fingerprint is:
[   25.993823] cloud-init[969]: SHA256:cfEO6i3uG1rVrVT4nyTUDqJ0kbFGNk4SZhX6vFu2LZg root@ubuntu-xenial
[   25.993857] cloud-init[969]: The key's randomart image is:
[   25.993900] cloud-init[969]: +---[DSA 1024]----+
[   25.993933] cloud-init[969]: |         =+X+    |
[   25.993966] cloud-init[969]: |        o B++..  |
[   25.993999] cloud-init[969]: |        .oo*oo.. |
[   25.994031] cloud-init[969]: |        .+*+o+o  |
[   25.994068] cloud-init[969]: |        S..o+.oo |
[   25.994112] cloud-init[969]: |       . o ...o..|
[   25.994146] cloud-init[969]: |        = ..+o ..|
[   25.994181] cloud-init[969]: |       + o E+.o  |
[   25.994216] cloud-init[969]: |      ..+. . ... |
[   25.994252] cloud-init[969]: +----[SHA256]-----+
[   25.994286] cloud-init[969]: Generating public/private ecdsa key pair.
[   25.994319] cloud-init[969]: Your identification has been saved in /etc/ssh/ssh_host_ecdsa_key.
[   25.994355] cloud-init[969]: Your public key has been saved in /etc/ssh/ssh_host_ecdsa_key.pub.
[   25.994390] cloud-init[969]: The key fingerprint is:
[   25.994423] cloud-init[969]: SHA256:DM+AU0RvmnnZFOKF5B7dha80jHP61HP76VFvU+eNQEs root@ubuntu-xenial
[   25.994459] cloud-init[969]: The key's randomart image is:
[   25.994497] cloud-init[969]: +---[ECDSA 256]---+
[   25.994533] cloud-init[969]: |     o+.o.o  ..  |
[   25.994567] cloud-init[969]: |     o +.+ o..   |
[   25.994601] cloud-init[969]: |    o o * ooE.   |
[   25.994636] cloud-init[969]: |     . % =oo=..  |
[   25.994671] [[0;32m  OK  [0m] Started Timer to automatically refresh installed snaps.
[[0;32m  OK  [0m] Listening on ACPID Listen Socket.
[[0;32m  OK  [0m] Listening on D-Bus System Message Bus Socket.
cloud-init[969]: |      + S .=o+  +|
         [   27.320272] cloud-init[969]: |       .  . o.ooB|
[   27.320321] cloud-init[969]: |           o  .=*|
[   27.320357] cloud-init[969]: |            .  o+|
[   27.320392] cloud-init[969]: |              .oo|
[   27.320427] cloud-init[969]: +----[SHA256]-----+
[   27.320462] cloud-init[969]: Generating public/private ed25519 key pair.
[   27.320507] cloud-init[969]: Your identification has been saved in /etc/ssh/ssh_host_ed25519_key.
[   27.320542] cloud-init[969]: Your public key has been saved in /etc/ssh/ssh_host_ed25519_key.pub.
[   27.320577] cloud-init[969]: The key fingerprint is:
[   27.320611] cloud-init[969]: SHA256:hS8Of7w6cHLcc3GI+KxRmo2TjqyUIhVWjguk++kOLf0 root@ubuntu-xenial
[   27.320653] cloud-init[969]: The key's randomart image is:
[   27.320685] cloud-init[969]: +--[ED25519 256]--+
[   27.320718] cloud-init[969]: | .  .            |
[   27.320750] cloud-init[969]: |o  +     .       |
[   27.320783] cloud-init[969]: |o + .   .... .   |
[   27.320815] cloud-init[969]: | + o    .oo o .  |
[   27.320847] cloud-init[969]: |. o   ..S@.  o   |
[   27.320880] cloud-init[969]: | = . .o+@o* .    |
[   27.320917] cloud-init[969]: |+ * o. Bo+oo     |
[   27.320950] cloud-init[969]: | = +  o +. .     |
[   27.321200] cloud-init[969]: | .o E.  .o.      |
[   27.321248] cloud-init[969]: +----[SHA256]-----+
Starting LXD - unix socket.
[[0;32m  OK  [0m] Started Daily Cleanup of Temporary Directories.
[[0;32m  OK  [0m] Started ACPI Events Check.
[[0;32m  OK  [0m] Reached target Paths.
[[0;32m  OK  [0m] Listening on UUID daemon activation socket.
[[0;32m  OK  [0m] Reached target Cloud-config availability.
[[0;32m  OK  [0m] Reached target Network is Online.
         Starting iSCSI initiator daemon (iscsid)...
[[0;32m  OK  [0m] Started Daily apt download activities.
[[0;32m  OK  [0m] Started Daily apt upgrade and clean activities.
[[0;32m  OK  [0m] Reached target Timers.
[[0;32m  OK  [0m] Listening on Socket activation for snappy daemon.
[[0;32m  OK  [0m] Listening on LXD - unix socket.
[[0;32m  OK  [0m] Started iSCSI initiator daemon (iscsid).
         Starting Login to default iSCSI targets...
[[0;32m  OK  [0m] Reached target Sockets.
[[0;32m  OK  [0m] Reached target Basic System.
[[0;32m  OK  [0m] Started FUSE filesystem for LXC.
         Starting Apply the settings specified in cloud-config...
[[0;32m  OK  [0m] Started ACPI event daemon.
         Starting LSB: Record successful boot for GRUB...
[[0;32m  OK  [0m] Started Deferred execution scheduler.
[[0;32m  OK  [0m] Started Regular background program processing daemon.
         Starting /etc/rc.local Compatibility...
         Starting Login Service...
         Starting Pollinate to seed the pseudo random number generator...
         Starting Accounts Service...
         Starting System Logging Service...
[[0;32m  OK  [0m] Started D-Bus System Message Bus.
[   28.573369] cloud-init[1080]: Generating locales (this might take a while)...
[[0;32m  OK  [0m] Started Unattended Upgrades Shutdown.
         Starting LSB: MD monitoring daemon...
         Starting LXD - container startup/shutdown...
         Starting Snappy daemon...
[[0;32m  OK  [0m] Started System Logging Service.
[[0;32m  OK  [0m] Started /etc/rc.local Compatibility.
[[0;32m  OK  [0m] Started Login to default iSCSI targets.
[[0;32m  OK  [0m] Started LSB: Record successful boot for GRUB.
[[0;32m  OK  [0m] Started LXD - container startup/shutdown.
[[0;32m  OK  [0m] Started LSB: MD monitoring daemon.
[[0;32m  OK  [0m] Started Login Service.
[[0;32m  OK  [0m] Started Snappy daemon.
         Starting Authenticate and Authorize Users to Run Privileged Tasks...
[[0;32m  OK  [0m] Reached target Remote File Systems (Pre).
[[0;32m  OK  [0m] Reached target Remote File Systems.
         Starting LSB: daemon to balance interrupts for SMP systems...
         Starting LSB: Set the CPU Frequency Scaling governor to "ondemand"...
         Starting Permit User Sessions...
         Starting LSB: VirtualBox Linux Additions...
         Starting LSB: automatic crash report generation...
[[0;32m  OK  [0m] Started Pollinate to seed the pseudo random number generator.
[[0;32m  OK  [0m] Started Permit User Sessions.
[[0;32m  OK  [0m] Started Authenticate and Authorize Users to Run Privileged Tasks.
[[0;32m  OK  [0m] Started Accounts Service.
[   29.749819] cloud-init[1080]:   en_US.UTF-8... done
[[0;32m  OK  [0m] Started LSB: Set the CPU Frequency Scaling governor to "ondemand".
[[0;32m  OK  [0m] Started LSB: daemon to balance interrupts for SMP systems.
[   29.844082] cloud-init[1080]: Generation complete.
         Starting Hold until boot process finishes up...
         Starting Terminate Plymouth Boot Screen...
         Starting OpenBSD Secure Shell server...
[[0;32m  OK  [0m] Started LSB: VirtualBox Linux Additions.
[[0;32m  OK  [0m] Started LSB: automatic crash report generation.
[[0;32m  OK  [0m] Started Hold until boot process finishes up.
[[0;32m  OK  [0m] Started Terminate Plymouth Boot Screen.
[[0;32m  OK  [0m] Started OpenBSD Secure Shell server.
         Stopping OpenBSD Secure Shell server...
[[0;32m  OK  [0m] Started Getty on tty1.
         Starting Set console scheme...
[[0;32m  OK  [0m] Started Serial Getty on ttyS0.
[[0;32m  OK  [0m] Reached target Login Prompts.
[[0;32m  OK  [0m] Stopped OpenBSD Secure Shell server.
[[0;32m  OK  [0m] Started Set console scheme.
         Starting OpenBSD Secure Shell server...
[[0;32m  OK  [0m] Started OpenBSD Secure Shell server.
[[0;32m  OK  [0m] Reached target Multi-User System.
[[0;32m  OK  [0m] Reached target Graphical Interface.
         Starting Update UTMP about System Runlevel Changes...
[[0;32m  OK  [0m] Started Update UTMP about System Runlevel Changes.
[   30.667134] cloud-init[1080]: Cloud-init v. 17.1 running 'modules:config' at Wed, 11 Apr 2018 07:52:44 +0000. Up 28.43 seconds.
[[0;32m  OK  [0m] Started Apply the settings specified in cloud-config.
         Starting Execute cloud user/final scripts...
ci-info: no authorized ssh keys fingerprints found for user ubuntu.
<14>Apr 11 07:52:46 ec2: 
<14>Apr 11 07:52:46 ec2: #############################################################
<14>Apr 11 07:52:46 ec2: -----BEGIN SSH HOST KEY FINGERPRINTS-----
<14>Apr 11 07:52:46 ec2: 1024 SHA256:cfEO6i3uG1rVrVT4nyTUDqJ0kbFGNk4SZhX6vFu2LZg root@ubuntu-xenial (DSA)
<14>Apr 11 07:52:46 ec2: 256 SHA256:DM+AU0RvmnnZFOKF5B7dha80jHP61HP76VFvU+eNQEs root@ubuntu-xenial (ECDSA)
<14>Apr 11 07:52:46 ec2: 256 SHA256:hS8Of7w6cHLcc3GI+KxRmo2TjqyUIhVWjguk++kOLf0 root@ubuntu-xenial (ED25519)
<14>Apr 11 07:52:46 ec2: 2048 SHA256:lRCM0BBZGhDwX/fPxCO8C6TU0YaxgJKwuOFlH2flQXg root@ubuntu-xenial (RSA)
<14>Apr 11 07:52:46 ec2: -----END SSH HOST KEY FINGERPRINTS-----
<14>Apr 11 07:52:46 ec2: #############################################################
-----BEGIN SSH HOST KEY KEYS-----
ecdsa-sha2-nistp256 AAAAE2VjZHNhLXNoYTItbmlzdHAyNTYAAAAIbmlzdHAyNTYAAABBBNzWobX2dN/hsQxzunDS2kcf3KXdUfONH71O4OVT90GPxOSPChTi8lngjk3PCmqn4I1RMNUUWiXrPir3EF6+6p8= root@ubuntu-xenial
ssh-ed25519 AAAAC3NzaC1lZDI1NTE5AAAAICSIZ2eVaxszM9K/QXphXLY3fclV8OAEjM7pRh7ha5JT root@ubuntu-xenial
ssh-rsa AAAAB3NzaC1yc2EAAAADAQABAAABAQCjeY3t8W7ei0tkXwJwC7dZYbvMNjfv0tkdrZnTX0EXO825pigkBCs2xg86cyiihYxnl8PkGGFjf8aYR/KqzML6zcoYrGGhZUauypaF+SC+b0NoN99MTdZ+1OykehITfHLzpyBncguM9xSyFR6Ulj2pqG77qUlejtO6XuiZ5Ig9IwJIPbTJjHlXN0Gc0FOH8vflHmtQc4QM3ZfehrTNs8rWSx29z3hoW6gijNN++kfQDq+DMt851Lu6FWt+0f3Z8kqZFBuINpe1ivv/2S4cpZBuFBH2TaKjv3vqp//e573eL5O0Xjtf+CS8q+12yvn+P+y6WNZyQ+fjBPihm0Ea1C3V root@ubuntu-xenial
-----END SSH HOST KEY KEYS-----
[   31.520912] cloud-init[1348]: Cloud-init v. 17.1 running 'modules:final' at Wed, 11 Apr 2018 07:52:46 +0000. Up 30.99 seconds.
[   31.589171] cloud-init[1348]: ci-info: no authorized ssh keys fingerprints found for user ubuntu.
[[0;32m  OK  [0m] Started Execute cloud user/final scripts.
[   31.648263] cloud-init[1348]: Cloud-init v. 17.1 finished at Wed, 11 Apr 2018 07:52:47 +0000. Datasource DataSourceNoCloud [seed=/dev/sdb][dsmode=net].  Up 31.51 seconds
[[0;32m  OK  [0m] Reached target Cloud-init target.

Ubuntu 16.04.3 LTS ubuntu-xenial ttyS0

ubuntu-xenial login: 